<testsuite failures="0" name="src/test/java/Citibank/EPP/RevokeToken.feature" skipped="0" tests="1" time="5.844773">
  <testcase classname="src.test.java.Citibank.EPP.RevokeToken" name="Refresh the access token" time="5.844773">
    <system-out>* call read('classpath:reusable.feature') ................................. passed
* call read('classpath:Citibank/EPP/CardAuthorization.feature') ........... passed
* call read('classpath:Citibank/EPP/CardAuthorizationAccessToken.feature') . passed
* call read('classpath:Citibank/EPP/RefreshAccessToken.feature') .......... passed
Given url 'https://sandbox.apihub.citi.com/gcb/api/cardAuth/oauth2/revoke' . passed
And header Authorization = 'Basic ZjJmMDhjMTQtOGU1My00YjEzLTg2MmMtYmRmMTgyZDQ2ZGY5Olk4eVAzYk43Z1MzbFEwYUMzd0UwcVkzb0M0Z1Uwa0swc0kxdUk1aEY2d0Y2cUw0a0Ez' . passed
And header client_id = 'f2f08c14-8e53-4b13-862c-bdf182d46df9' ............. passed
And header uuid = randomString(20) ........................................ passed
And header Accept = 'application/json' .................................... passed
And header Content-Type = 'application/x-www-form-urlencoded' ............. passed
And form field token = refreshAccessToken ................................. passed
And form field token_type_hint = 'access_token' ........................... passed
When method post .......................................................... passed
Then status 200 ........................................................... passed
* print response .......................................................... passed
* print '*********Revoked Token *********' ................................ passed</system-out>
  </testcase>
</testsuite>
