<testsuite failures="0" name="src/test/java/Citibank/Accounts/accessToken.feature" skipped="0" tests="1" time="2.511872">
  <testcase classname="src.test.java.Citibank.Accounts.accessToken" name="fetch access token  from  Citi BANK" time="2.511872">
    <system-out>* call read('classpath:reusable.feature') ................................. passed
Given url 'https://sandbox.apihub.citi.com/gcb/api/clientCredentials/oauth2/token/hk/gcb' . passed
And header Authorization = 'Basic Y2Y2NTI1NjctZjViZS00ZDM0LWE3N2YtOTgzNzRlZTRiMjkzOkMxc0swak8xdFIyeUMxZU42ck4wZUswZ003eFA4ZUQ3dE81ckw1b0czeVkzeUo0ZFQ0' . passed
And header uuid = randomString(20) ........................................ passed
* print randomString(20) .................................................. passed
And header Accept = 'application/json' .................................... passed
And header Content-Type = 'application/x-www-form-urlencoded' ............. passed
And form field grant_type = 'client_credentials' .......................... passed
And form field scope = '/api' ............................................. passed
When method post .......................................................... passed
Then status 200 ........................................................... passed
* print '====================================================' ............ passed
* print response.access_token ............................................. passed
* def accessToken = 'Bearer ' +response.access_token ...................... passed
* print accessToken ....................................................... passed</system-out>
  </testcase>
</testsuite>
