<testsuite failures="0" name="src/test/java/Citibank/EPP/EPPMonthlyRepayment.feature" skipped="0" tests="1" time="14.379022">
  <testcase classname="src.test.java.Citibank.EPP.EPPMonthlyRepayment" name="check monthly payment plan schedule" time="14.379022">
    <system-out>* call read('classpath:reusable.feature') ................................. passed
* call read('classpath:Citibank/EPP/CardAuthorization.feature') ........... passed
* call read('classpath:Citibank/EPP/CardAuthorizationAccessToken.feature') . passed
* call read('classpath:Citibank/EPP/RefreshAccessToken.feature') .......... passed
* call read('classpath:Citibank/EPP/RevokeToken.feature') ................. passed
* call read('classpath:Citibank/EPP/EPP_Plan.feature') .................... passed
Given url 'https://sandbox.apihub.citi.com/gcb/api/v1/creditCards/'+cardid+'/easyPaymentPlans/repaymentSchedules?tenor=12&amp;loanAmount=100000' . passed
And header Authorization = access_token ................................... passed
And header uuid = randomString(20) ........................................ passed
And header Accept = 'application/json' .................................... passed
And header client_id = 'f2f08c14-8e53-4b13-862c-bdf182d46df9' ............. passed
When method get ........................................................... passed
Then status 200 ........................................................... passed
* print response .......................................................... passed
* match response.eppAmortizationSchedule[0].installmentNumber == '1' ...... passed
* match response.eppAmortizationSchedule[1].installmentNumber == '2' ...... passed
* match response.eppAmortizationSchedule[2].installmentNumber == '3' ...... passed
* match response.eppAmortizationSchedule[3].installmentNumber == '4' ...... passed
* match response.eppAmortizationSchedule[4].installmentNumber == '5' ...... passed
* match response.eppAmortizationSchedule[5].installmentNumber == '6' ...... passed
* match response.eppAmortizationSchedule[6].installmentNumber == '7' ...... passed
* match response.eppAmortizationSchedule[7].installmentNumber == '8' ...... passed
* match response.eppAmortizationSchedule[8].installmentNumber == '9' ...... passed
* match response.eppAmortizationSchedule[9].installmentNumber == '10' ..... passed
* match response.eppAmortizationSchedule[10].installmentNumber == '11' .... passed
* match response.eppAmortizationSchedule[11].installmentNumber == '12' .... passed
* print '********* Checked Monthly repayment plan *********' .............. passed</system-out>
  </testcase>
</testsuite>
